0 info it worked if it ends with ok
1 verbose cli [ '/Users/nathan/.nvm/versions/node/v5.10.0/bin/node',
1 verbose cli   '/Users/nathan/.nvm/versions/node/v5.10.0/bin/npm',
1 verbose cli   'run',
1 verbose cli   'test' ]
2 info using npm@3.9.0
3 info using node@v5.10.0
4 verbose run-script [ 'pretest', 'test', 'posttest' ]
5 info lifecycle bineral@1.0.0~pretest: bineral@1.0.0
6 silly lifecycle bineral@1.0.0~pretest: no script for pretest, continuing
7 info lifecycle bineral@1.0.0~test: bineral@1.0.0
8 verbose lifecycle bineral@1.0.0~test: unsafe-perm in lifecycle true
9 verbose lifecycle bineral@1.0.0~test: PATH: /Users/nathan/.nvm/versions/node/v5.10.0/lib/node_modules/npm/bin/node-gyp-bin:/Users/nathan/web/bineral/node_modules/.bin:/Users/nathan/.nvm/versions/node/v5.10.0/bin:/Users/nathan/.nvm/versions/node/v5.10.0/bin:/usr/local/sbin:/Users/nathan/.rbenv/shims:/Users/nathan/.rbenv/bin:/usr/local/bin:/usr/bin:/bin:/usr/sbin:/sbin:/opt/X11/bin:/usr/local/go/bin
10 verbose lifecycle bineral@1.0.0~test: CWD: /Users/nathan/web/bineral
11 silly lifecycle bineral@1.0.0~test: Args: [ '-c',
11 silly lifecycle   './node_modules/mocha/bin/mocha -w test/helpers/browser.js test/**/*.spec.js --reporter dot --recursive' ]
12 silly lifecycle bineral@1.0.0~test: Returned: code: 1  signal: null
13 info lifecycle bineral@1.0.0~test: Failed to exec test script
14 verbose stack Error: bineral@1.0.0 test: `./node_modules/mocha/bin/mocha -w test/helpers/browser.js test/**/*.spec.js --reporter dot --recursive`
14 verbose stack Exit status 1
14 verbose stack     at EventEmitter.<anonymous> (/Users/nathan/.nvm/versions/node/v5.10.0/lib/node_modules/npm/lib/utils/lifecycle.js:245:16)
14 verbose stack     at emitTwo (events.js:100:13)
14 verbose stack     at EventEmitter.emit (events.js:185:7)
14 verbose stack     at ChildProcess.<anonymous> (/Users/nathan/.nvm/versions/node/v5.10.0/lib/node_modules/npm/lib/utils/spawn.js:24:14)
14 verbose stack     at emitTwo (events.js:100:13)
14 verbose stack     at ChildProcess.emit (events.js:185:7)
14 verbose stack     at maybeClose (internal/child_process.js:850:16)
14 verbose stack     at Process.ChildProcess._handle.onexit (internal/child_process.js:215:5)
15 verbose pkgid bineral@1.0.0
16 verbose cwd /Users/nathan/web/bineral
17 error Darwin 15.4.0
18 error argv "/Users/nathan/.nvm/versions/node/v5.10.0/bin/node" "/Users/nathan/.nvm/versions/node/v5.10.0/bin/npm" "run" "test"
19 error node v5.10.0
20 error npm  v3.9.0
21 error code ELIFECYCLE
22 error bineral@1.0.0 test: `./node_modules/mocha/bin/mocha -w test/helpers/browser.js test/**/*.spec.js --reporter dot --recursive`
22 error Exit status 1
23 error Failed at the bineral@1.0.0 test script './node_modules/mocha/bin/mocha -w test/helpers/browser.js test/**/*.spec.js --reporter dot --recursive'.
23 error Make sure you have the latest version of node.js and npm installed.
23 error If you do, this is most likely a problem with the bineral package,
23 error not with npm itself.
23 error Tell the author that this fails on your system:
23 error     ./node_modules/mocha/bin/mocha -w test/helpers/browser.js test/**/*.spec.js --reporter dot --recursive
23 error You can get information on how to open an issue for this project with:
23 error     npm bugs bineral
23 error Or if that isn't available, you can get their info via:
23 error     npm owner ls bineral
23 error There is likely additional logging output above.
24 verbose exit [ 1, true ]
